{"/home/hein/Desktop/takehomeassi/quiz-for-you/src/App.tsx": {"path":"/home/hein/Desktop/takehomeassi/quiz-for-you/src/App.tsx","statementMap":{"0":{"start":{"line":1,"column":0},"end":{"line":1,"column":63}},"1":{"start":{"line":2,"column":0},"end":{"line":2,"column":57}},"2":{"start":{"line":3,"column":0},"end":{"line":3,"column":32}},"3":{"start":{"line":4,"column":0},"end":{"line":4,"column":54}},"4":{"start":{"line":5,"column":0},"end":{"line":5,"column":44}},"5":{"start":{"line":7,"column":12},"end":{"line":38,"column":1}},"6":{"start":{"line":8,"column":2},"end":{"line":37,"column":null}},"7":{"start":{"line":17,"column":14},"end":{"line":24,"column":null}},"8":{"start":{"line":40,"column":25},"end":{"line":42,"column":2}},"9":{"start":{"line":44,"column":0},"end":{"line":44,"column":null}}},"fnMap":{"0":{"name":"(anonymous_1)","decl":{"start":{"line":7,"column":12},"end":{"line":7,"column":16}},"loc":{"start":{"line":7,"column":18},"end":{"line":38,"column":1}}},"1":{"name":"(anonymous_2)","decl":{"start":{"line":16,"column":27},"end":{"line":16,"column":28}},"loc":{"start":{"line":16,"column":44},"end":{"line":25,"column":13}}}},"branchMap":{},"s":{"0":1,"1":1,"2":1,"3":1,"4":1,"5":1,"6":1,"7":3,"8":1,"9":1},"f":{"0":1,"1":3},"b":{}}
,"/home/hein/Desktop/takehomeassi/quiz-for-you/src/components/Button/Button.tsx": {"path":"/home/hein/Desktop/takehomeassi/quiz-for-you/src/components/Button/Button.tsx","statementMap":{"0":{"start":{"line":1,"column":0},"end":{"line":1,"column":28}},"1":{"start":{"line":2,"column":0},"end":{"line":2,"column":31}},"2":{"start":{"line":3,"column":0},"end":{"line":3,"column":38}},"3":{"start":{"line":4,"column":0},"end":{"line":4,"column":26}},"4":{"start":{"line":14,"column":15},"end":{"line":72,"column":5}},"5":{"start":{"line":15,"column":22},"end":{"line":15,"column":50}},"6":{"start":{"line":17,"column":29},"end":{"line":38,"column":7}},"7":{"start":{"line":18,"column":8},"end":{"line":18,"column":39}},"8":{"start":{"line":18,"column":32},"end":{"line":18,"column":39}},"9":{"start":{"line":19,"column":8},"end":{"line":37,"column":11}},"10":{"start":{"line":26,"column":12},"end":{"line":26,"column":43}},"11":{"start":{"line":26,"column":36},"end":{"line":26,"column":43}},"12":{"start":{"line":27,"column":14},"end":{"line":35,"column":17}},"13":{"start":{"line":41,"column":26},"end":{"line":41,"column":31}},"14":{"start":{"line":42,"column":4},"end":{"line":71,"column":14}},"15":{"start":{"line":53,"column":28},"end":{"line":57,"column":null}},"16":{"start":{"line":54,"column":32},"end":{"line":56,"column":null}},"17":{"start":{"line":58,"column":28},"end":{"line":65,"column":null}},"18":{"start":{"line":75,"column":0},"end":{"line":75,"column":22}}},"fnMap":{"0":{"name":"(anonymous_0)","decl":{"start":{"line":14,"column":15},"end":{"line":14,"column":16}},"loc":{"start":{"line":14,"column":58},"end":{"line":72,"column":5}}},"1":{"name":"(anonymous_1)","decl":{"start":{"line":17,"column":29},"end":{"line":17,"column":32}},"loc":{"start":{"line":17,"column":34},"end":{"line":38,"column":7}}},"2":{"name":"(anonymous_2)","decl":{"start":{"line":24,"column":22},"end":{"line":24,"column":25}},"loc":{"start":{"line":24,"column":27},"end":{"line":36,"column":11}}},"3":{"name":"(anonymous_3)","decl":{"start":{"line":52,"column":43},"end":{"line":52,"column":44}},"loc":{"start":{"line":52,"column":61},"end":{"line":66,"column":25}}}},"branchMap":{"0":{"loc":{"start":{"line":18,"column":8},"end":{"line":18,"column":39}},"type":"if","locations":[{"start":{"line":18,"column":8},"end":{"line":18,"column":39}}]},"1":{"loc":{"start":{"line":26,"column":12},"end":{"line":26,"column":43}},"type":"if","locations":[{"start":{"line":26,"column":12},"end":{"line":26,"column":43}}]},"2":{"loc":{"start":{"line":46,"column":21},"end":{"line":46,"column":49}},"type":"cond-expr","locations":[{"start":{"line":46,"column":32},"end":{"line":46,"column":38}},{"start":{"line":46,"column":41},"end":{"line":46,"column":49}}]},"3":{"loc":{"start":{"line":53,"column":28},"end":{"line":57,"column":null}},"type":"if","locations":[{"start":{"line":53,"column":28},"end":{"line":57,"column":null}}]}},"s":{"0":5,"1":5,"2":5,"3":5,"4":5,"5":5,"6":5,"7":0,"8":0,"9":0,"10":0,"11":0,"12":0,"13":5,"14":5,"15":42,"16":4,"17":38,"18":5},"f":{"0":5,"1":0,"2":0,"3":42},"b":{"0":[0],"1":[0],"2":[1,4],"3":[4]}}
,"/home/hein/Desktop/takehomeassi/quiz-for-you/src/components/ElementAnimation/ElementAnimation.tsx": {"path":"/home/hein/Desktop/takehomeassi/quiz-for-you/src/components/ElementAnimation/ElementAnimation.tsx","statementMap":{"0":{"start":{"line":1,"column":0},"end":{"line":1,"column":28}},"1":{"start":{"line":2,"column":0},"end":{"line":2,"column":34}},"2":{"start":{"line":3,"column":0},"end":{"line":3,"column":41}},"3":{"start":{"line":11,"column":25},"end":{"line":39,"column":1}},"4":{"start":{"line":12,"column":23},"end":{"line":12,"column":51}},"5":{"start":{"line":14,"column":4},"end":{"line":26,"column":null}},"6":{"start":{"line":15,"column":24},"end":{"line":15,"column":42}},"7":{"start":{"line":16,"column":8},"end":{"line":24,"column":null}},"8":{"start":{"line":22,"column":16},"end":{"line":22,"column":45}},"9":{"start":{"line":22,"column":32},"end":{"line":22,"column":45}},"10":{"start":{"line":29,"column":4},"end":{"line":38,"column":null}},"11":{"start":{"line":41,"column":0},"end":{"line":45,"column":null}},"12":{"start":{"line":47,"column":0},"end":{"line":47,"column":null}}},"fnMap":{"0":{"name":"(anonymous_1)","decl":{"start":{"line":11,"column":25},"end":{"line":11,"column":26}},"loc":{"start":{"line":11,"column":88},"end":{"line":39,"column":1}}},"1":{"name":"(anonymous_2)","decl":{"start":{"line":14,"column":14},"end":{"line":14,"column":17}},"loc":{"start":{"line":14,"column":19},"end":{"line":26,"column":5}}},"2":{"name":"(anonymous_3)","decl":{"start":{"line":21,"column":24},"end":{"line":21,"column":27}},"loc":{"start":{"line":21,"column":29},"end":{"line":23,"column":13}}}},"branchMap":{"0":{"loc":{"start":{"line":22,"column":16},"end":{"line":22,"column":45}},"type":"if","locations":[{"start":{"line":22,"column":16},"end":{"line":22,"column":45}}]}},"s":{"0":2,"1":2,"2":2,"3":2,"4":1,"5":1,"6":1,"7":1,"8":0,"9":0,"10":1,"11":2,"12":2},"f":{"0":1,"1":1,"2":0},"b":{"0":[0]}}
,"/home/hein/Desktop/takehomeassi/quiz-for-you/src/components/Error/Error.tsx": {"path":"/home/hein/Desktop/takehomeassi/quiz-for-you/src/components/Error/Error.tsx","statementMap":{"0":{"start":{"line":1,"column":0},"end":{"line":1,"column":38}},"1":{"start":{"line":2,"column":0},"end":{"line":2,"column":38}},"2":{"start":{"line":4,"column":14},"end":{"line":15,"column":1}},"3":{"start":{"line":5,"column":4},"end":{"line":14,"column":null}},"4":{"start":{"line":10,"column":61},"end":{"line":10,"column":85}},"5":{"start":{"line":17,"column":0},"end":{"line":17,"column":21}}},"fnMap":{"0":{"name":"(anonymous_1)","decl":{"start":{"line":4,"column":14},"end":{"line":4,"column":17}},"loc":{"start":{"line":4,"column":19},"end":{"line":15,"column":1}}},"1":{"name":"(anonymous_2)","decl":{"start":{"line":10,"column":55},"end":{"line":10,"column":58}},"loc":{"start":{"line":10,"column":61},"end":{"line":10,"column":85}}}},"branchMap":{},"s":{"0":2,"1":2,"2":2,"3":1,"4":1,"5":2},"f":{"0":1,"1":1},"b":{}}
,"/home/hein/Desktop/takehomeassi/quiz-for-you/src/components/Explanation/Explanation.tsx": {"path":"/home/hein/Desktop/takehomeassi/quiz-for-you/src/components/Explanation/Explanation.tsx","statementMap":{"0":{"start":{"line":1,"column":0},"end":{"line":1,"column":45}},"1":{"start":{"line":2,"column":0},"end":{"line":2,"column":37}},"2":{"start":{"line":3,"column":0},"end":{"line":3,"column":50}},"3":{"start":{"line":9,"column":20},"end":{"line":20,"column":1}},"4":{"start":{"line":10,"column":4},"end":{"line":19,"column":null}},"5":{"start":{"line":22,"column":0},"end":{"line":22,"column":27}}},"fnMap":{"0":{"name":"(anonymous_1)","decl":{"start":{"line":9,"column":20},"end":{"line":9,"column":21}},"loc":{"start":{"line":9,"column":54},"end":{"line":20,"column":1}}}},"branchMap":{},"s":{"0":2,"1":2,"2":2,"3":2,"4":1,"5":2},"f":{"0":1},"b":{}}
,"/home/hein/Desktop/takehomeassi/quiz-for-you/src/components/Input/Input.tsx": {"path":"/home/hein/Desktop/takehomeassi/quiz-for-you/src/components/Input/Input.tsx","statementMap":{"0":{"start":{"line":3,"column":14},"end":{"line":11,"column":1}},"1":{"start":{"line":4,"column":4},"end":{"line":10,"column":null}},"2":{"start":{"line":13,"column":0},"end":{"line":13,"column":null}}},"fnMap":{"0":{"name":"(anonymous_0)","decl":{"start":{"line":3,"column":14},"end":{"line":3,"column":15}},"loc":{"start":{"line":3,"column":31},"end":{"line":11,"column":1}}}},"branchMap":{},"s":{"0":3,"1":1,"2":3},"f":{"0":1},"b":{}}
,"/home/hein/Desktop/takehomeassi/quiz-for-you/src/components/Loading/Loading.tsx": {"path":"/home/hein/Desktop/takehomeassi/quiz-for-you/src/components/Loading/Loading.tsx","statementMap":{"0":{"start":{"line":1,"column":0},"end":{"line":1,"column":47}},"1":{"start":{"line":3,"column":16},"end":{"line":23,"column":1}},"2":{"start":{"line":5,"column":4},"end":{"line":22,"column":6}},"3":{"start":{"line":24,"column":0},"end":{"line":24,"column":23}}},"fnMap":{"0":{"name":"(anonymous_0)","decl":{"start":{"line":3,"column":16},"end":{"line":3,"column":19}},"loc":{"start":{"line":3,"column":21},"end":{"line":23,"column":1}}}},"branchMap":{},"s":{"0":1,"1":1,"2":2,"3":1},"f":{"0":2},"b":{}}
,"/home/hein/Desktop/takehomeassi/quiz-for-you/src/components/NameComponent/NameComponent.tsx": {"path":"/home/hein/Desktop/takehomeassi/quiz-for-you/src/components/NameComponent/NameComponent.tsx","statementMap":{"0":{"start":{"line":1,"column":0},"end":{"line":1,"column":32}},"1":{"start":{"line":2,"column":0},"end":{"line":2,"column":50}},"2":{"start":{"line":3,"column":0},"end":{"line":3,"column":68}},"3":{"start":{"line":4,"column":0},"end":{"line":4,"column":38}},"4":{"start":{"line":5,"column":0},"end":{"line":5,"column":35}},"5":{"start":{"line":6,"column":0},"end":{"line":6,"column":42}},"6":{"start":{"line":8,"column":0},"end":{"line":8,"column":69}},"7":{"start":{"line":9,"column":0},"end":{"line":9,"column":45}},"8":{"start":{"line":15,"column":22},"end":{"line":56,"column":1}},"9":{"start":{"line":16,"column":38},"end":{"line":16,"column":53}},"10":{"start":{"line":17,"column":21},"end":{"line":17,"column":47}},"11":{"start":{"line":18,"column":28},"end":{"line":18,"column":40}},"12":{"start":{"line":19,"column":29},"end":{"line":21,"column":5}},"13":{"start":{"line":20,"column":8},"end":{"line":20,"column":33}},"14":{"start":{"line":23,"column":24},"end":{"line":25,"column":5}},"15":{"start":{"line":24,"column":8},"end":{"line":24,"column":32}},"16":{"start":{"line":27,"column":26},"end":{"line":30,"column":5}},"17":{"start":{"line":28,"column":8},"end":{"line":28,"column":null}},"18":{"start":{"line":29,"column":8},"end":{"line":29,"column":26}},"19":{"start":{"line":32,"column":4},"end":{"line":55,"column":null}},"20":{"start":{"line":58,"column":0},"end":{"line":58,"column":null}}},"fnMap":{"0":{"name":"(anonymous_1)","decl":{"start":{"line":15,"column":22},"end":{"line":15,"column":23}},"loc":{"start":{"line":15,"column":66},"end":{"line":56,"column":1}}},"1":{"name":"(anonymous_2)","decl":{"start":{"line":19,"column":29},"end":{"line":19,"column":32}},"loc":{"start":{"line":19,"column":34},"end":{"line":21,"column":5}}},"2":{"name":"(anonymous_3)","decl":{"start":{"line":23,"column":24},"end":{"line":23,"column":25}},"loc":{"start":{"line":23,"column":67},"end":{"line":25,"column":5}}},"3":{"name":"(anonymous_4)","decl":{"start":{"line":27,"column":26},"end":{"line":27,"column":29}},"loc":{"start":{"line":27,"column":31},"end":{"line":30,"column":5}}}},"branchMap":{"0":{"loc":{"start":{"line":41,"column":16},"end":{"line":52,"column":62}},"type":"cond-expr","locations":[{"start":{"line":42,"column":20},"end":{"line":50,"column":null}},{"start":{"line":52,"column":20},"end":{"line":52,"column":62}}]}},"s":{"0":2,"1":2,"2":2,"3":2,"4":2,"5":2,"6":2,"7":2,"8":2,"9":1,"10":1,"11":1,"12":1,"13":0,"14":1,"15":0,"16":1,"17":0,"18":0,"19":1,"20":2},"f":{"0":1,"1":0,"2":0,"3":0},"b":{"0":[0,1]}}
,"/home/hein/Desktop/takehomeassi/quiz-for-you/src/components/TextWriter/TextWriter.tsx": {"path":"/home/hein/Desktop/takehomeassi/quiz-for-you/src/components/TextWriter/TextWriter.tsx","statementMap":{"0":{"start":{"line":1,"column":0},"end":{"line":1,"column":28}},"1":{"start":{"line":2,"column":0},"end":{"line":2,"column":34}},"2":{"start":{"line":3,"column":0},"end":{"line":3,"column":41}},"3":{"start":{"line":4,"column":0},"end":{"line":4,"column":38}},"4":{"start":{"line":13,"column":19},"end":{"line":57,"column":1}},"5":{"start":{"line":14,"column":20},"end":{"line":14,"column":48}},"6":{"start":{"line":16,"column":4},"end":{"line":33,"column":null}},"7":{"start":{"line":17,"column":28},"end":{"line":17,"column":43}},"8":{"start":{"line":18,"column":8},"end":{"line":18,"column":33}},"9":{"start":{"line":18,"column":26},"end":{"line":18,"column":33}},"10":{"start":{"line":19,"column":8},"end":{"line":31,"column":null}},"11":{"start":{"line":29,"column":16},"end":{"line":29,"column":45}},"12":{"start":{"line":29,"column":32},"end":{"line":29,"column":45}},"13":{"start":{"line":36,"column":4},"end":{"line":56,"column":null}},"14":{"start":{"line":44,"column":20},"end":{"line":51,"column":null}},"15":{"start":{"line":59,"column":0},"end":{"line":63,"column":null}},"16":{"start":{"line":65,"column":0},"end":{"line":65,"column":null}}},"fnMap":{"0":{"name":"(anonymous_1)","decl":{"start":{"line":13,"column":19},"end":{"line":13,"column":20}},"loc":{"start":{"line":13,"column":80},"end":{"line":57,"column":1}}},"1":{"name":"(anonymous_2)","decl":{"start":{"line":16,"column":14},"end":{"line":16,"column":17}},"loc":{"start":{"line":16,"column":19},"end":{"line":33,"column":5}}},"2":{"name":"(anonymous_3)","decl":{"start":{"line":28,"column":24},"end":{"line":28,"column":27}},"loc":{"start":{"line":28,"column":29},"end":{"line":30,"column":13}}},"3":{"name":"(anonymous_4)","decl":{"start":{"line":42,"column":36},"end":{"line":42,"column":37}},"loc":{"start":{"line":42,"column":52},"end":{"line":52,"column":17}}}},"branchMap":{"0":{"loc":{"start":{"line":18,"column":8},"end":{"line":18,"column":33}},"type":"if","locations":[{"start":{"line":18,"column":8},"end":{"line":18,"column":33}}]},"1":{"loc":{"start":{"line":29,"column":16},"end":{"line":29,"column":45}},"type":"if","locations":[{"start":{"line":29,"column":16},"end":{"line":29,"column":45}}]},"2":{"loc":{"start":{"line":40,"column":25},"end":{"line":40,"column":58}},"type":"cond-expr","locations":[{"start":{"line":40,"column":36},"end":{"line":40,"column":42}},{"start":{"line":40,"column":45},"end":{"line":40,"column":58}}]}},"s":{"0":3,"1":3,"2":3,"3":3,"4":3,"5":2,"6":2,"7":2,"8":2,"9":0,"10":2,"11":0,"12":0,"13":2,"14":59,"15":3,"16":3},"f":{"0":2,"1":2,"2":0,"3":59},"b":{"0":[0],"1":[0],"2":[1,1]}}
,"/home/hein/Desktop/takehomeassi/quiz-for-you/src/components/WelcomeComponent/WelcomeComponent.tsx": {"path":"/home/hein/Desktop/takehomeassi/quiz-for-you/src/components/WelcomeComponent/WelcomeComponent.tsx","statementMap":{"0":{"start":{"line":1,"column":0},"end":{"line":1,"column":44}},"1":{"start":{"line":2,"column":0},"end":{"line":2,"column":37}},"2":{"start":{"line":3,"column":0},"end":{"line":3,"column":67}},"3":{"start":{"line":9,"column":25},"end":{"line":24,"column":1}},"4":{"start":{"line":11,"column":4},"end":{"line":23,"column":null}},"5":{"start":{"line":28,"column":0},"end":{"line":28,"column":null}}},"fnMap":{"0":{"name":"(anonymous_1)","decl":{"start":{"line":9,"column":25},"end":{"line":9,"column":26}},"loc":{"start":{"line":9,"column":70},"end":{"line":24,"column":1}}}},"branchMap":{},"s":{"0":1,"1":1,"2":1,"3":1,"4":1,"5":1},"f":{"0":1},"b":{}}
,"/home/hein/Desktop/takehomeassi/quiz-for-you/src/constants/index.ts": {"path":"/home/hein/Desktop/takehomeassi/quiz-for-you/src/constants/index.ts","statementMap":{"0":{"start":{"line":2,"column":13},"end":{"line":17,"column":null}},"1":{"start":{"line":19,"column":13},"end":{"line":26,"column":null}},"2":{"start":{"line":28,"column":13},"end":{"line":33,"column":null}},"3":{"start":{"line":35,"column":13},"end":{"line":40,"column":null}},"4":{"start":{"line":43,"column":13},"end":{"line":45,"column":null}},"5":{"start":{"line":47,"column":13},"end":{"line":77,"column":null}}},"fnMap":{},"branchMap":{},"s":{"0":5,"1":5,"2":5,"3":5,"4":5,"5":5},"f":{},"b":{}}
,"/home/hein/Desktop/takehomeassi/quiz-for-you/src/helper/index.ts": {"path":"/home/hein/Desktop/takehomeassi/quiz-for-you/src/helper/index.ts","statementMap":{"0":{"start":{"line":1,"column":30},"end":{"line":4,"column":1}},"1":{"start":{"line":2,"column":17},"end":{"line":2,"column":27}},"2":{"start":{"line":3,"column":4},"end":{"line":3,"column":26}},"3":{"start":{"line":1,"column":13},"end":{"line":1,"column":30}},"4":{"start":{"line":5,"column":29},"end":{"line":8,"column":1}},"5":{"start":{"line":6,"column":17},"end":{"line":6,"column":27}},"6":{"start":{"line":7,"column":4},"end":{"line":7,"column":51}},"7":{"start":{"line":5,"column":13},"end":{"line":5,"column":29}},"8":{"start":{"line":15,"column":28},"end":{"line":21,"column":1}},"9":{"start":{"line":16,"column":4},"end":{"line":18,"column":null}},"10":{"start":{"line":17,"column":8},"end":{"line":17,"column":null}},"11":{"start":{"line":19,"column":4},"end":{"line":19,"column":null}},"12":{"start":{"line":19,"column":24},"end":{"line":19,"column":null}},"13":{"start":{"line":20,"column":4},"end":{"line":20,"column":null}},"14":{"start":{"line":15,"column":13},"end":{"line":15,"column":28}},"15":{"start":{"line":22,"column":26},"end":{"line":26,"column":3}},"16":{"start":{"line":23,"column":4},"end":{"line":24,"column":null}},"17":{"start":{"line":24,"column":6},"end":{"line":24,"column":54}},"18":{"start":{"line":22,"column":13},"end":{"line":22,"column":26}},"19":{"start":{"line":28,"column":29},"end":{"line":38,"column":1}},"20":{"start":{"line":29,"column":20},"end":{"line":29,"column":29}},"21":{"start":{"line":30,"column":8},"end":{"line":36,"column":null}},"22":{"start":{"line":30,"column":21},"end":{"line":30,"column":22}},"23":{"start":{"line":31,"column":12},"end":{"line":34,"column":null}},"24":{"start":{"line":32,"column":16},"end":{"line":32,"column":38}},"25":{"start":{"line":33,"column":17},"end":{"line":33,"column":23}},"26":{"start":{"line":35,"column":4},"end":{"line":35,"column":21}},"27":{"start":{"line":28,"column":13},"end":{"line":28,"column":29}},"28":{"start":{"line":40,"column":28},"end":{"line":56,"column":1}},"29":{"start":{"line":41,"column":18},"end":{"line":41,"column":40}},"30":{"start":{"line":42,"column":22},"end":{"line":42,"column":56}},"31":{"start":{"line":43,"column":4},"end":{"line":55,"column":7}},"32":{"start":{"line":44,"column":23},"end":{"line":44,"column":40}},"33":{"start":{"line":45,"column":8},"end":{"line":45,"column":36}},"34":{"start":{"line":46,"column":8},"end":{"line":46,"column":33}},"35":{"start":{"line":47,"column":8},"end":{"line":47,"column":31}},"36":{"start":{"line":48,"column":8},"end":{"line":48,"column":29}},"37":{"start":{"line":49,"column":8},"end":{"line":49,"column":31}},"38":{"start":{"line":51,"column":8},"end":{"line":51,"column":57}},"39":{"start":{"line":52,"column":8},"end":{"line":52,"column":31}},"40":{"start":{"line":54,"column":8},"end":{"line":54,"column":35}},"41":{"start":{"line":40,"column":13},"end":{"line":40,"column":28}}},"fnMap":{"0":{"name":"(anonymous_0)","decl":{"start":{"line":1,"column":30},"end":{"line":1,"column":33}},"loc":{"start":{"line":1,"column":35},"end":{"line":4,"column":1}}},"1":{"name":"(anonymous_1)","decl":{"start":{"line":5,"column":29},"end":{"line":5,"column":30}},"loc":{"start":{"line":5,"column":46},"end":{"line":8,"column":1}}},"2":{"name":"(anonymous_2)","decl":{"start":{"line":15,"column":28},"end":{"line":15,"column":29}},"loc":{"start":{"line":15,"column":79},"end":{"line":21,"column":1}}},"3":{"name":"(anonymous_3)","decl":{"start":{"line":22,"column":26},"end":{"line":22,"column":29}},"loc":{"start":{"line":22,"column":31},"end":{"line":26,"column":3}}},"4":{"name":"(anonymous_4)","decl":{"start":{"line":23,"column":23},"end":{"line":23,"column":30}},"loc":{"start":{"line":24,"column":6},"end":{"line":24,"column":54}}},"5":{"name":"(anonymous_5)","decl":{"start":{"line":28,"column":29},"end":{"line":28,"column":30}},"loc":{"start":{"line":28,"column":64},"end":{"line":38,"column":1}}},"6":{"name":"(anonymous_6)","decl":{"start":{"line":40,"column":28},"end":{"line":40,"column":29}},"loc":{"start":{"line":40,"column":68},"end":{"line":56,"column":1}}},"7":{"name":"(anonymous_7)","decl":{"start":{"line":43,"column":22},"end":{"line":43,"column":25}},"loc":{"start":{"line":43,"column":27},"end":{"line":53,"column":5}}},"8":{"name":"(anonymous_8)","decl":{"start":{"line":51,"column":48},"end":{"line":51,"column":51}},"loc":{"start":{"line":51,"column":53},"end":{"line":51,"column":56}}},"9":{"name":"(anonymous_9)","decl":{"start":{"line":53,"column":13},"end":{"line":53,"column":16}},"loc":{"start":{"line":53,"column":18},"end":{"line":55,"column":5}}}},"branchMap":{"0":{"loc":{"start":{"line":16,"column":4},"end":{"line":18,"column":null}},"type":"if","locations":[{"start":{"line":16,"column":4},"end":{"line":18,"column":null}}]},"1":{"loc":{"start":{"line":19,"column":4},"end":{"line":19,"column":null}},"type":"if","locations":[{"start":{"line":19,"column":4},"end":{"line":19,"column":null}}]},"2":{"loc":{"start":{"line":31,"column":12},"end":{"line":34,"column":null}},"type":"if","locations":[{"start":{"line":31,"column":12},"end":{"line":34,"column":null}}]},"3":{"loc":{"start":{"line":51,"column":28},"end":{"line":51,"column":56}},"type":"cond-expr","locations":[{"start":{"line":51,"column":38},"end":{"line":51,"column":45}},{"start":{"line":51,"column":48},"end":{"line":51,"column":56}}]},"4":{"loc":{"start":{"line":54,"column":8},"end":{"line":54,"column":34}},"type":"cond-expr","locations":[{"start":{"line":54,"column":18},"end":{"line":54,"column":27}},{"start":{"line":54,"column":30},"end":{"line":54,"column":34}}]}},"s":{"0":2,"1":1,"2":1,"3":2,"4":2,"5":1,"6":1,"7":2,"8":2,"9":3,"10":1,"11":2,"12":1,"13":1,"14":2,"15":2,"16":0,"17":0,"18":2,"19":2,"20":0,"21":0,"22":0,"23":0,"24":0,"25":0,"26":0,"27":2,"28":2,"29":0,"30":0,"31":0,"32":0,"33":0,"34":0,"35":0,"36":0,"37":0,"38":0,"39":0,"40":0,"41":2},"f":{"0":1,"1":1,"2":3,"3":0,"4":0,"5":0,"6":0,"7":0,"8":0,"9":0},"b":{"0":[1],"1":[1],"2":[0],"3":[0,0],"4":[0,0]}}
,"/home/hein/Desktop/takehomeassi/quiz-for-you/src/pages/routes.tsx": {"path":"/home/hein/Desktop/takehomeassi/quiz-for-you/src/pages/routes.tsx","statementMap":{"0":{"start":{"line":2,"column":0},"end":{"line":2,"column":28}},"1":{"start":{"line":3,"column":0},"end":{"line":3,"column":37}},"2":{"start":{"line":4,"column":0},"end":{"line":4,"column":51}},"3":{"start":{"line":7,"column":17},"end":{"line":7,"column":58}},"4":{"start":{"line":7,"column":27},"end":{"line":7,"column":57}},"5":{"start":{"line":8,"column":13},"end":{"line":8,"column":54}},"6":{"start":{"line":8,"column":23},"end":{"line":8,"column":53}},"7":{"start":{"line":9,"column":19},"end":{"line":9,"column":64}},"8":{"start":{"line":9,"column":29},"end":{"line":9,"column":63}},"9":{"start":{"line":11,"column":13},"end":{"line":27,"column":null}},"10":{"start":{"line":29,"column":13},"end":{"line":32,"column":null}}},"fnMap":{"0":{"name":"(anonymous_7)","decl":{"start":{"line":7,"column":22},"end":{"line":7,"column":25}},"loc":{"start":{"line":7,"column":27},"end":{"line":7,"column":57}}},"1":{"name":"(anonymous_8)","decl":{"start":{"line":7,"column":27},"end":{"line":7,"column":35}},"loc":{"start":{"line":7,"column":27},"end":{"line":7,"column":57}}},"2":{"name":"(anonymous_9)","decl":{"start":{"line":8,"column":18},"end":{"line":8,"column":21}},"loc":{"start":{"line":8,"column":23},"end":{"line":8,"column":53}}},"3":{"name":"(anonymous_10)","decl":{"start":{"line":8,"column":23},"end":{"line":8,"column":31}},"loc":{"start":{"line":8,"column":23},"end":{"line":8,"column":53}}},"4":{"name":"(anonymous_11)","decl":{"start":{"line":9,"column":24},"end":{"line":9,"column":27}},"loc":{"start":{"line":9,"column":29},"end":{"line":9,"column":63}}},"5":{"name":"(anonymous_12)","decl":{"start":{"line":9,"column":29},"end":{"line":9,"column":37}},"loc":{"start":{"line":9,"column":29},"end":{"line":9,"column":63}}}},"branchMap":{},"s":{"0":1,"1":1,"2":1,"3":1,"4":0,"5":1,"6":2,"7":1,"8":0,"9":1,"10":1},"f":{"0":0,"1":0,"2":1,"3":1,"4":0,"5":0},"b":{}}
,"/home/hein/Desktop/takehomeassi/quiz-for-you/src/pages/HomePage/HomePage.tsx": {"path":"/home/hein/Desktop/takehomeassi/quiz-for-you/src/pages/HomePage/HomePage.tsx","statementMap":{"0":{"start":{"line":1,"column":0},"end":{"line":1,"column":32}},"1":{"start":{"line":2,"column":0},"end":{"line":2,"column":73}},"2":{"start":{"line":3,"column":0},"end":{"line":3,"column":82}},"3":{"start":{"line":4,"column":0},"end":{"line":4,"column":42}},"4":{"start":{"line":6,"column":0},"end":{"line":6,"column":47}},"5":{"start":{"line":7,"column":0},"end":{"line":7,"column":67}},"6":{"start":{"line":8,"column":0},"end":{"line":8,"column":53}},"7":{"start":{"line":9,"column":0},"end":{"line":9,"column":44}},"8":{"start":{"line":10,"column":19},"end":{"line":10,"column":49}},"9":{"start":{"line":12,"column":17},"end":{"line":62,"column":1}},"10":{"start":{"line":13,"column":38},"end":{"line":13,"column":61}},"11":{"start":{"line":14,"column":17},"end":{"line":14,"column":69}},"12":{"start":{"line":14,"column":50},"end":{"line":14,"column":68}},"13":{"start":{"line":15,"column":21},"end":{"line":15,"column":34}},"14":{"start":{"line":18,"column":28},"end":{"line":32,"column":5}},"15":{"start":{"line":19,"column":22},"end":{"line":19,"column":72}},"16":{"start":{"line":19,"column":53},"end":{"line":19,"column":71}},"17":{"start":{"line":21,"column":24},"end":{"line":23,"column":9}},"18":{"start":{"line":22,"column":12},"end":{"line":22,"column":null}},"19":{"start":{"line":24,"column":8},"end":{"line":31,"column":null}},"20":{"start":{"line":25,"column":12},"end":{"line":28,"column":null}},"21":{"start":{"line":30,"column":13},"end":{"line":30,"column":23}},"22":{"start":{"line":36,"column":4},"end":{"line":51,"column":null}},"23":{"start":{"line":38,"column":11},"end":{"line":40,"column":null}},"24":{"start":{"line":42,"column":11},"end":{"line":51,"column":null}},"25":{"start":{"line":44,"column":12},"end":{"line":46,"column":null}},"26":{"start":{"line":48,"column":8},"end":{"line":50,"column":null}},"27":{"start":{"line":49,"column":30},"end":{"line":49,"column":51}},"28":{"start":{"line":53,"column":4},"end":{"line":61,"column":null}},"29":{"start":{"line":64,"column":0},"end":{"line":64,"column":null}}},"fnMap":{"0":{"name":"(anonymous_1)","decl":{"start":{"line":12,"column":17},"end":{"line":12,"column":20}},"loc":{"start":{"line":12,"column":22},"end":{"line":62,"column":1}}},"1":{"name":"(anonymous_2)","decl":{"start":{"line":14,"column":29},"end":{"line":14,"column":30}},"loc":{"start":{"line":14,"column":50},"end":{"line":14,"column":68}}},"2":{"name":"(anonymous_3)","decl":{"start":{"line":18,"column":28},"end":{"line":18,"column":31}},"loc":{"start":{"line":18,"column":33},"end":{"line":32,"column":5}}},"3":{"name":"(anonymous_4)","decl":{"start":{"line":19,"column":43},"end":{"line":19,"column":44}},"loc":{"start":{"line":19,"column":53},"end":{"line":19,"column":71}}},"4":{"name":"(anonymous_5)","decl":{"start":{"line":21,"column":24},"end":{"line":21,"column":27}},"loc":{"start":{"line":21,"column":29},"end":{"line":23,"column":9}}},"5":{"name":"(anonymous_6)","decl":{"start":{"line":49,"column":24},"end":{"line":49,"column":27}},"loc":{"start":{"line":49,"column":30},"end":{"line":49,"column":51}}}},"branchMap":{"0":{"loc":{"start":{"line":24,"column":8},"end":{"line":31,"column":null}},"type":"if","locations":[{"start":{"line":24,"column":8},"end":{"line":31,"column":null}},{"start":{"line":29,"column":15},"end":{"line":31,"column":null}}]},"1":{"loc":{"start":{"line":24,"column":12},"end":{"line":24,"column":36}},"type":"binary-expr","locations":[{"start":{"line":24,"column":12},"end":{"line":24,"column":27}},{"start":{"line":24,"column":31},"end":{"line":24,"column":36}}]},"2":{"loc":{"start":{"line":36,"column":4},"end":{"line":51,"column":null}},"type":"if","locations":[{"start":{"line":36,"column":4},"end":{"line":51,"column":null}},{"start":{"line":42,"column":11},"end":{"line":51,"column":null}}]},"3":{"loc":{"start":{"line":42,"column":11},"end":{"line":51,"column":null}},"type":"if","locations":[{"start":{"line":42,"column":11},"end":{"line":51,"column":null}},{"start":{"line":47,"column":11},"end":{"line":51,"column":null}}]},"4":{"loc":{"start":{"line":42,"column":15},"end":{"line":42,"column":51}},"type":"binary-expr","locations":[{"start":{"line":42,"column":15},"end":{"line":42,"column":42}},{"start":{"line":42,"column":46},"end":{"line":42,"column":51}}]}},"s":{"0":1,"1":1,"2":1,"3":1,"4":1,"5":1,"6":1,"7":1,"8":1,"9":1,"10":1,"11":1,"12":1,"13":1,"14":1,"15":0,"16":0,"17":0,"18":0,"19":0,"20":0,"21":0,"22":1,"23":1,"24":0,"25":0,"26":0,"27":0,"28":1,"29":1},"f":{"0":1,"1":1,"2":0,"3":0,"4":0,"5":0},"b":{"0":[0,0],"1":[0,0],"2":[1,0],"3":[0,0],"4":[0,0]}}
,"/home/hein/Desktop/takehomeassi/quiz-for-you/src/redux/api/axios.ts": {"path":"/home/hein/Desktop/takehomeassi/quiz-for-you/src/redux/api/axios.ts","statementMap":{"0":{"start":{"line":1,"column":0},"end":{"line":1,"column":26}},"1":{"start":{"line":2,"column":0},"end":{"line":2,"column":38}},"2":{"start":{"line":4,"column":20},"end":{"line":6,"column":2}},"3":{"start":{"line":8,"column":22},"end":{"line":8,"column":47}},"4":{"start":{"line":10,"column":0},"end":{"line":10,"column":29}}},"fnMap":{},"branchMap":{},"s":{"0":2,"1":2,"2":2,"3":2,"4":2},"f":{},"b":{}}
,"/home/hein/Desktop/takehomeassi/quiz-for-you/src/redux/api/quizApi.ts": {"path":"/home/hein/Desktop/takehomeassi/quiz-for-you/src/redux/api/quizApi.ts","statementMap":{"0":{"start":{"line":1,"column":0},"end":{"line":1,"column":38}},"1":{"start":{"line":2,"column":0},"end":{"line":2,"column":36}},"2":{"start":{"line":4,"column":33},"end":{"line":12,"column":1}},"3":{"start":{"line":5,"column":4},"end":{"line":11,"column":null}},"4":{"start":{"line":6,"column":25},"end":{"line":6,"column":68}},"5":{"start":{"line":7,"column":8},"end":{"line":7,"column":29}},"6":{"start":{"line":10,"column":8},"end":{"line":10,"column":21}},"7":{"start":{"line":4,"column":13},"end":{"line":4,"column":33}}},"fnMap":{"0":{"name":"(anonymous_1)","decl":{"start":{"line":4,"column":33},"end":{"line":4,"column":38}},"loc":{"start":{"line":4,"column":44},"end":{"line":12,"column":1}}}},"branchMap":{},"s":{"0":2,"1":2,"2":2,"3":0,"4":0,"5":0,"6":0,"7":2},"f":{"0":0},"b":{}}
,"/home/hein/Desktop/takehomeassi/quiz-for-you/src/redux/slices/quiz/quizSlice.ts": {"path":"/home/hein/Desktop/takehomeassi/quiz-for-you/src/redux/slices/quiz/quizSlice.ts","statementMap":{"0":{"start":{"line":3,"column":0},"end":{"line":3,"column":47}},"1":{"start":{"line":4,"column":0},"end":{"line":4,"column":44}},"2":{"start":{"line":5,"column":0},"end":{"line":5,"column":115}},"3":{"start":{"line":8,"column":32},"end":{"line":14,"column":null}},"4":{"start":{"line":16,"column":18},"end":{"line":30,"column":2}},"5":{"start":{"line":24,"column":4},"end":{"line":27,"column":62}},"6":{"start":{"line":34,"column":0},"end":{"line":34,"column":33}}},"fnMap":{"0":{"name":"(anonymous_0)","decl":{"start":{"line":22,"column":17},"end":{"line":22,"column":18}},"loc":{"start":{"line":22,"column":29},"end":{"line":29,"column":5}}}},"branchMap":{},"s":{"0":2,"1":2,"2":2,"3":2,"4":2,"5":2,"6":2},"f":{"0":2},"b":{}}
,"/home/hein/Desktop/takehomeassi/quiz-for-you/src/redux/slices/quiz/thunk.ts": {"path":"/home/hein/Desktop/takehomeassi/quiz-for-you/src/redux/slices/quiz/thunk.ts","statementMap":{"0":{"start":{"line":1,"column":0},"end":{"line":1,"column":67}},"1":{"start":{"line":3,"column":0},"end":{"line":3,"column":54}},"2":{"start":{"line":5,"column":13},"end":{"line":20,"column":null}},"3":{"start":{"line":14,"column":23},"end":{"line":14,"column":48}},"4":{"start":{"line":15,"column":6},"end":{"line":17,"column":null}},"5":{"start":{"line":16,"column":8},"end":{"line":16,"column":24}},"6":{"start":{"line":18,"column":6},"end":{"line":18,"column":47}},"7":{"start":{"line":23,"column":39},"end":{"line":28,"column":1}},"8":{"start":{"line":24,"column":4},"end":{"line":27,"column":6}},"9":{"start":{"line":23,"column":13},"end":{"line":23,"column":39}},"10":{"start":{"line":30,"column":41},"end":{"line":36,"column":1}},"11":{"start":{"line":31,"column":4},"end":{"line":35,"column":6}},"12":{"start":{"line":30,"column":13},"end":{"line":30,"column":41}},"13":{"start":{"line":38,"column":40},"end":{"line":44,"column":1}},"14":{"start":{"line":39,"column":4},"end":{"line":43,"column":6}},"15":{"start":{"line":38,"column":13},"end":{"line":38,"column":40}}},"fnMap":{"0":{"name":"(anonymous_0)","decl":{"start":{"line":13,"column":4},"end":{"line":13,"column":9}},"loc":{"start":{"line":13,"column":37},"end":{"line":19,"column":5}}},"1":{"name":"(anonymous_1)","decl":{"start":{"line":23,"column":39},"end":{"line":23,"column":40}},"loc":{"start":{"line":23,"column":60},"end":{"line":28,"column":1}}},"2":{"name":"(anonymous_2)","decl":{"start":{"line":30,"column":41},"end":{"line":30,"column":42}},"loc":{"start":{"line":30,"column":97},"end":{"line":36,"column":1}}},"3":{"name":"(anonymous_3)","decl":{"start":{"line":38,"column":40},"end":{"line":38,"column":41}},"loc":{"start":{"line":38,"column":102},"end":{"line":44,"column":1}}}},"branchMap":{"0":{"loc":{"start":{"line":15,"column":6},"end":{"line":17,"column":null}},"type":"if","locations":[{"start":{"line":15,"column":6},"end":{"line":17,"column":null}}]},"1":{"loc":{"start":{"line":42,"column":13},"end":{"line":42,"column":33}},"type":"binary-expr","locations":[{"start":{"line":42,"column":13},"end":{"line":42,"column":27}},{"start":{"line":42,"column":31},"end":{"line":42,"column":33}}]}},"s":{"0":2,"1":2,"2":2,"3":0,"4":0,"5":0,"6":0,"7":2,"8":0,"9":2,"10":2,"11":0,"12":2,"13":2,"14":0,"15":2},"f":{"0":0,"1":0,"2":0,"3":0},"b":{"0":[0],"1":[0,0]}}
,"/home/hein/Desktop/takehomeassi/quiz-for-you/src/redux/slices/results/resultSlice.ts": {"path":"/home/hein/Desktop/takehomeassi/quiz-for-you/src/redux/slices/results/resultSlice.ts","statementMap":{"0":{"start":{"line":3,"column":0},"end":{"line":3,"column":62}},"1":{"start":{"line":4,"column":0},"end":{"line":4,"column":44}},"2":{"start":{"line":7,"column":21},"end":{"line":7,"column":55}},"3":{"start":{"line":10,"column":26},"end":{"line":18,"column":1}},"4":{"start":{"line":11,"column":18},"end":{"line":11,"column":29}},"5":{"start":{"line":12,"column":4},"end":{"line":17,"column":null}},"6":{"start":{"line":20,"column":23},"end":{"line":28,"column":1}},"7":{"start":{"line":21,"column":4},"end":{"line":27,"column":null}},"8":{"start":{"line":30,"column":24},"end":{"line":37,"column":1}},"9":{"start":{"line":31,"column":4},"end":{"line":36,"column":null}},"10":{"start":{"line":39,"column":26},"end":{"line":46,"column":1}},"11":{"start":{"line":40,"column":4},"end":{"line":45,"column":null}},"12":{"start":{"line":48,"column":20},"end":{"line":55,"column":1}},"13":{"start":{"line":49,"column":4},"end":{"line":54,"column":null}},"14":{"start":{"line":57,"column":21},"end":{"line":70,"column":2}},"15":{"start":{"line":73,"column":13},"end":{"line":73,"column":86}},"16":{"start":{"line":75,"column":0},"end":{"line":75,"column":36}}},"fnMap":{"0":{"name":"(anonymous_0)","decl":{"start":{"line":10,"column":26},"end":{"line":10,"column":27}},"loc":{"start":{"line":10,"column":50},"end":{"line":18,"column":1}}},"1":{"name":"(anonymous_1)","decl":{"start":{"line":20,"column":23},"end":{"line":20,"column":24}},"loc":{"start":{"line":20,"column":47},"end":{"line":28,"column":1}}},"2":{"name":"(anonymous_2)","decl":{"start":{"line":30,"column":24},"end":{"line":30,"column":25}},"loc":{"start":{"line":30,"column":80},"end":{"line":37,"column":1}}},"3":{"name":"(anonymous_3)","decl":{"start":{"line":39,"column":26},"end":{"line":39,"column":27}},"loc":{"start":{"line":39,"column":81},"end":{"line":46,"column":1}}},"4":{"name":"(anonymous_4)","decl":{"start":{"line":48,"column":20},"end":{"line":48,"column":21}},"loc":{"start":{"line":48,"column":75},"end":{"line":55,"column":1}}},"5":{"name":"(anonymous_5)","decl":{"start":{"line":67,"column":17},"end":{"line":67,"column":20}},"loc":{"start":{"line":67,"column":22},"end":{"line":69,"column":5}}}},"branchMap":{},"s":{"0":2,"1":2,"2":2,"3":2,"4":0,"5":0,"6":2,"7":0,"8":2,"9":0,"10":2,"11":0,"12":2,"13":0,"14":2,"15":2,"16":2},"f":{"0":0,"1":0,"2":0,"3":0,"4":0,"5":2},"b":{}}
,"/home/hein/Desktop/takehomeassi/quiz-for-you/src/redux/store/index.ts": {"path":"/home/hein/Desktop/takehomeassi/quiz-for-you/src/redux/store/index.ts","statementMap":{"0":{"start":{"line":1,"column":0},"end":{"line":1,"column":50}},"1":{"start":{"line":3,"column":0},"end":{"line":3,"column":32}},"2":{"start":{"line":4,"column":0},"end":{"line":4,"column":40}},"3":{"start":{"line":5,"column":0},"end":{"line":5,"column":42}},"4":{"start":{"line":6,"column":0},"end":{"line":6,"column":57}},"5":{"start":{"line":9,"column":14},"end":{"line":18,"column":2}},"6":{"start":{"line":11,"column":40},"end":{"line":17,"column":17}},"7":{"start":{"line":28,"column":9},"end":{"line":28,"column":14}},"8":{"start":{"line":25,"column":13},"end":{"line":25,"column":61}},"9":{"start":{"line":26,"column":18},"end":{"line":26,"column":37}},"10":{"start":{"line":28,"column":16},"end":{"line":28,"column":25}}},"fnMap":{"0":{"name":"(anonymous_1)","decl":{"start":{"line":11,"column":14},"end":{"line":11,"column":15}},"loc":{"start":{"line":11,"column":40},"end":{"line":17,"column":17}}}},"branchMap":{},"s":{"0":2,"1":2,"2":2,"3":2,"4":2,"5":2,"6":2,"7":2,"8":2,"9":2,"10":2},"f":{"0":2},"b":{}}
,"/home/hein/Desktop/takehomeassi/quiz-for-you/src/redux/store/rootReducer.ts": {"path":"/home/hein/Desktop/takehomeassi/quiz-for-you/src/redux/store/rootReducer.ts","statementMap":{"0":{"start":{"line":1,"column":0},"end":{"line":1,"column":51}},"1":{"start":{"line":2,"column":0},"end":{"line":2,"column":51}},"2":{"start":{"line":3,"column":0},"end":{"line":3,"column":58}},"3":{"start":{"line":4,"column":0},"end":{"line":4,"column":47}},"4":{"start":{"line":6,"column":0},"end":{"line":6,"column":47}},"5":{"start":{"line":8,"column":22},"end":{"line":15,"column":2}},"6":{"start":{"line":18,"column":20},"end":{"line":21,"column":2}},"7":{"start":{"line":23,"column":25},"end":{"line":23,"column":67}},"8":{"start":{"line":29,"column":0},"end":{"line":29,"column":32}}},"fnMap":{},"branchMap":{},"s":{"0":2,"1":2,"2":2,"3":2,"4":2,"5":2,"6":2,"7":2,"8":2},"f":{},"b":{}}
}
