TN:
SF:src/App.tsx
FN:7,(anonymous_1)
FN:16,(anonymous_2)
FNF:2
FNH:2
FNDA:1,(anonymous_1)
FNDA:3,(anonymous_2)
DA:1,1
DA:2,1
DA:3,1
DA:4,1
DA:5,1
DA:7,1
DA:8,1
DA:17,3
DA:39,1
DA:43,1
LF:10
LH:10
BRF:0
BRH:0
end_of_record
TN:
SF:src/components/Button/Button.tsx
FN:14,(anonymous_0)
FN:17,(anonymous_1)
FN:24,(anonymous_2)
FN:52,(anonymous_3)
FNF:4
FNH:2
FNDA:5,(anonymous_0)
FNDA:0,(anonymous_1)
FNDA:0,(anonymous_2)
FNDA:42,(anonymous_3)
DA:1,5
DA:2,5
DA:3,5
DA:4,5
DA:14,5
DA:15,5
DA:17,5
DA:18,0
DA:19,0
DA:26,0
DA:27,0
DA:41,5
DA:42,5
DA:53,42
DA:54,4
DA:58,38
DA:75,5
LF:17
LH:13
BRDA:18,0,0,0
BRDA:26,1,0,0
BRDA:46,2,0,1
BRDA:46,2,1,4
BRDA:53,3,0,4
BRF:5
BRH:3
end_of_record
TN:
SF:src/components/ElementAnimation/ElementAnimation.tsx
FN:11,(anonymous_1)
FN:14,(anonymous_2)
FN:21,(anonymous_3)
FNF:3
FNH:2
FNDA:1,(anonymous_1)
FNDA:1,(anonymous_2)
FNDA:0,(anonymous_3)
DA:1,2
DA:2,2
DA:3,2
DA:11,2
DA:12,1
DA:14,1
DA:15,1
DA:16,1
DA:22,0
DA:29,1
DA:41,2
DA:47,2
LF:12
LH:11
BRDA:22,0,0,0
BRF:1
BRH:0
end_of_record
TN:
SF:src/components/Error/Error.tsx
FN:4,(anonymous_1)
FN:10,(anonymous_2)
FNF:2
FNH:2
FNDA:1,(anonymous_1)
FNDA:1,(anonymous_2)
DA:1,2
DA:2,2
DA:4,2
DA:5,1
DA:10,1
DA:17,2
LF:6
LH:6
BRF:0
BRH:0
end_of_record
TN:
SF:src/components/Explanation/Explanation.tsx
FN:9,(anonymous_1)
FNF:1
FNH:1
FNDA:1,(anonymous_1)
DA:1,2
DA:2,2
DA:3,2
DA:9,2
DA:10,1
DA:22,2
LF:6
LH:6
BRF:0
BRH:0
end_of_record
TN:
SF:src/components/Input/Input.tsx
FN:3,(anonymous_0)
FNF:1
FNH:1
FNDA:1,(anonymous_0)
DA:3,3
DA:4,1
DA:13,3
LF:3
LH:3
BRF:0
BRH:0
end_of_record
TN:
SF:src/components/Loading/Loading.tsx
FN:3,(anonymous_0)
FNF:1
FNH:1
FNDA:2,(anonymous_0)
DA:1,1
DA:3,1
DA:5,2
DA:24,1
LF:4
LH:4
BRF:0
BRH:0
end_of_record
TN:
SF:src/components/NameComponent/NameComponent.tsx
FN:15,(anonymous_1)
FN:19,(anonymous_2)
FN:23,(anonymous_3)
FN:27,(anonymous_4)
FNF:4
FNH:1
FNDA:1,(anonymous_1)
FNDA:0,(anonymous_2)
FNDA:0,(anonymous_3)
FNDA:0,(anonymous_4)
DA:1,2
DA:2,2
DA:3,2
DA:4,2
DA:5,2
DA:6,2
DA:8,2
DA:9,2
DA:15,2
DA:16,1
DA:17,1
DA:18,1
DA:19,1
DA:20,0
DA:23,1
DA:24,0
DA:27,1
DA:28,0
DA:29,0
DA:32,1
DA:58,2
LF:21
LH:17
BRDA:41,0,0,0
BRDA:41,0,1,1
BRF:2
BRH:1
end_of_record
TN:
SF:src/components/TextWriter/TextWriter.tsx
FN:13,(anonymous_1)
FN:16,(anonymous_2)
FN:28,(anonymous_3)
FN:42,(anonymous_4)
FNF:4
FNH:3
FNDA:2,(anonymous_1)
FNDA:2,(anonymous_2)
FNDA:0,(anonymous_3)
FNDA:59,(anonymous_4)
DA:1,3
DA:2,3
DA:3,3
DA:4,3
DA:13,3
DA:14,2
DA:16,2
DA:17,2
DA:18,2
DA:19,2
DA:29,0
DA:36,2
DA:44,59
DA:59,3
DA:65,3
LF:15
LH:14
BRDA:18,0,0,0
BRDA:29,1,0,0
BRDA:40,2,0,1
BRDA:40,2,1,1
BRF:4
BRH:2
end_of_record
TN:
SF:src/components/WelcomeComponent/WelcomeComponent.tsx
FN:9,(anonymous_1)
FNF:1
FNH:1
FNDA:1,(anonymous_1)
DA:1,1
DA:2,1
DA:3,1
DA:9,1
DA:11,1
DA:28,1
LF:6
LH:6
BRF:0
BRH:0
end_of_record
TN:
SF:src/constants/index.ts
FNF:0
FNH:0
DA:2,5
DA:19,5
DA:28,5
DA:35,5
DA:43,5
DA:47,5
LF:6
LH:6
BRF:0
BRH:0
end_of_record
TN:
SF:src/pages/routes.tsx
FN:7,(anonymous_7)
FN:7,(anonymous_8)
FN:8,(anonymous_9)
FN:8,(anonymous_10)
FN:9,(anonymous_11)
FN:9,(anonymous_12)
FNF:6
FNH:2
FNDA:0,(anonymous_7)
FNDA:0,(anonymous_8)
FNDA:1,(anonymous_9)
FNDA:1,(anonymous_10)
FNDA:0,(anonymous_11)
FNDA:0,(anonymous_12)
DA:2,1
DA:3,1
DA:4,1
DA:7,1
DA:8,2
DA:9,1
DA:11,1
DA:29,1
LF:8
LH:8
BRF:0
BRH:0
end_of_record
TN:
SF:src/pages/HomePage/HomePage.tsx
FN:11,(anonymous_1)
FN:13,(anonymous_2)
FN:17,(anonymous_3)
FN:18,(anonymous_4)
FN:37,(anonymous_5)
FNF:5
FNH:2
FNDA:1,(anonymous_1)
FNDA:1,(anonymous_2)
FNDA:0,(anonymous_3)
FNDA:0,(anonymous_4)
FNDA:0,(anonymous_5)
DA:1,1
DA:2,1
DA:3,1
DA:4,1
DA:6,1
DA:7,1
DA:8,1
DA:9,1
DA:11,1
DA:12,1
DA:13,1
DA:14,1
DA:17,1
DA:18,0
DA:19,0
DA:24,1
DA:26,1
DA:30,0
DA:32,0
DA:36,0
DA:37,0
DA:41,1
DA:52,1
LF:23
LH:17
BRDA:24,0,0,1
BRDA:24,0,1,0
BRDA:30,1,0,0
BRDA:30,1,1,0
BRDA:30,2,0,0
BRDA:30,2,1,0
BRF:6
BRH:1
end_of_record
TN:
SF:src/redux/api/axios.ts
FNF:0
FNH:0
DA:1,2
DA:2,2
DA:4,2
DA:8,2
DA:10,2
LF:5
LH:5
BRF:0
BRH:0
end_of_record
TN:
SF:src/redux/api/quizApi.ts
FN:4,(anonymous_1)
FNF:1
FNH:0
FNDA:0,(anonymous_1)
DA:1,2
DA:2,2
DA:4,2
DA:5,0
DA:6,0
DA:7,0
DA:10,0
LF:7
LH:3
BRF:0
BRH:0
end_of_record
TN:
SF:src/redux/slices/quiz/quizSlice.ts
FN:22,(anonymous_0)
FNF:1
FNH:1
FNDA:2,(anonymous_0)
DA:3,2
DA:4,2
DA:5,2
DA:8,2
DA:16,2
DA:24,2
DA:34,2
LF:7
LH:7
BRF:0
BRH:0
end_of_record
TN:
SF:src/redux/slices/quiz/thunk.ts
FN:13,(anonymous_0)
FN:23,(anonymous_1)
FN:30,(anonymous_2)
FN:38,(anonymous_3)
FNF:4
FNH:0
FNDA:0,(anonymous_0)
FNDA:0,(anonymous_1)
FNDA:0,(anonymous_2)
FNDA:0,(anonymous_3)
DA:1,2
DA:3,2
DA:5,2
DA:14,0
DA:15,0
DA:16,0
DA:18,0
DA:23,2
DA:24,0
DA:30,2
DA:31,0
DA:38,2
DA:39,0
LF:13
LH:6
BRDA:15,0,0,0
BRDA:42,1,0,0
BRDA:42,1,1,0
BRF:3
BRH:0
end_of_record
TN:
SF:src/redux/slices/results/resultSlice.ts
FN:10,(anonymous_0)
FN:20,(anonymous_1)
FN:30,(anonymous_2)
FN:39,(anonymous_3)
FN:48,(anonymous_4)
FN:67,(anonymous_5)
FNF:6
FNH:1
FNDA:0,(anonymous_0)
FNDA:0,(anonymous_1)
FNDA:0,(anonymous_2)
FNDA:0,(anonymous_3)
FNDA:0,(anonymous_4)
FNDA:2,(anonymous_5)
DA:3,2
DA:4,2
DA:7,2
DA:10,2
DA:11,0
DA:12,0
DA:20,2
DA:21,0
DA:30,2
DA:31,0
DA:39,2
DA:40,0
DA:48,2
DA:49,0
DA:57,2
DA:73,2
DA:75,2
LF:17
LH:11
BRF:0
BRH:0
end_of_record
TN:
SF:src/redux/store/index.ts
FN:11,(anonymous_1)
FNF:1
FNH:1
FNDA:2,(anonymous_1)
DA:1,2
DA:3,2
DA:4,2
DA:5,2
DA:6,2
DA:9,2
DA:11,2
DA:25,2
DA:26,2
DA:28,2
LF:10
LH:10
BRF:0
BRH:0
end_of_record
TN:
SF:src/redux/store/rootReducer.ts
FNF:0
FNH:0
DA:1,2
DA:2,2
DA:3,2
DA:4,2
DA:6,2
DA:8,2
DA:18,2
DA:23,2
DA:29,2
LF:9
LH:9
BRF:0
BRH:0
end_of_record
